TAP version 13
ok 1 - ./test/usecase1.test.js # time=821.304ms {
    { valid: true, error: null, total: 123 }
    ok 1 - should be equivalent strictly
    { valid: true, error: null, total: 191 }
    ok 2 - should be equivalent strictly
    { valid: true, error: null, total: 159 }
    ok 3 - should be equivalent strictly
    { valid: true, error: null, total: 300 }
    ok 4 - should be equivalent strictly
    { valid: true, error: null, total: 270 }
    ok 5 - should be equivalent strictly
    1..5
    # time=4.582ms
}

not ok 2 - ./test/usecase2.test.js # time=953.352ms
  ---
  env: {}
  file: ./test/usecase2.test.js
  timeout: 30000
  command: /home/luca_scannapieco/.nvm/versions/node/v8.16.0/bin/node
  args:
    - -r
    - /home/luca_scannapieco/projects/kata/bowling-game/node_modules/esm/esm.js
    - ./test/usecase2.test.js
  stdio:
    - 0
    - pipe
    - 2
  cwd: /home/luca_scannapieco/projects/kata/bowling-game
  exitCode: 1
  ...
{
    [ 10, 10, 9, 1, 5, 5, 5, 5, 5, 5, 5, 5, 5, 5, 5, 5, 5, 5, 5 ]
    ok 1 - should be equivalent strictly
    [ 9, 1, 9, 1, 9, 1, 9, 1, 9, 1, 9, 1, 9, 1, 9, 1, 9, 1, 9, 1, 9 ]
    ok 2 - should be equivalent strictly
    [ 10, 1, 10 ]
    ok 3 - should be equivalent strictly
    [ 0, 0, 0, 0, 0, 0, 0, 0, 0, 0, 0, 0, 0, 0, 0, 0, 0, 0, 0, 0 ]
    ok 4 - should be equivalent strictly
    [ 10, 9, 1, 5, 5, 5, 5, 6, 3, 6, 3, 2, 7, 8, 2, 5, 5, 9, 1, 2 ]
    ok 5 - should be equivalent strictly
    [ 1, 1, 1, 1, 1, 1, 1, 1, 1, 1, 1, 1, 1, 1, 1, 1, 1, 1, 2, 0, 0 ]
    ok 6 - should be equivalent strictly
    [ 1, 1, 1, 1, 1, 1, 1, 1, 1, 1, 1, 1, 1, 1, 1, 1, 1, 1, 10, 10, 1, 1 ]
    ok 7 - should be equivalent strictly
    [ 10, 10, 10, 10, 10, 10, 10, 10, 10, 10, 0, 10, 10 ]
    ok 8 - should be equivalent strictly
    [ 1, 1, 1, 1, 1, 1, 1, 1, 1, 1, 1, 1, 1, 1, 1, 1, 1, 1, 10, 2, 9 ]
    ok 9 - should be equivalent strictly
    [ 10, 1, 3 ]
    ok 10 - should be equivalent strictly
    [ 1, 1, 1, 1, 1, 1, 1, 1, 1, 1, 1, 1, 1, 1, 1, 1, 1, 1, 1, 1, 1 ]
    ok 11 - should be equivalent strictly
    [ 1, 1, 1, 1, 1, 1, 1, 1, 1, 1, 1, 1, 1, 1, 1, 1, 1, 1, 2 ]
    not ok 12 - should be equivalent strictly
      ---
      found: '{"valid":true,"error":null,"total":null}'
      wanted: '{"valid":false,"error":"Not enough rolls","total":null}'
      diff: |
        --- expected
        +++ actual
        -"{\"valid\":false,\"error\":\"Not enough rolls\",\"total\":null}"
        +"{\"valid\":true,\"error\":null,\"total\":null}"
      at:
        line: 12
        column: 7
        file: test/usecase2.test.js
        type: global
        function: useCases.forEach
      stack: |
        useCases.forEach (test/usecase2.test.js:12:7)
        Array.forEach (<anonymous>)
        Object.<anonymous> (test/usecase2.test.js:8:10)
        Object.<anonymous> (node_modules/append-transform/index.js:62:4)
      source: >2
          console.log(useCase)
          tap.strictSame(JSON.stringify(actualResults), JSON.stringify(expectedResults)) 
        ------^
      
        })
      ...
    
    Bail out! should be equivalent strictly
}
Bail out! should be equivalent strictly
